Removed Pin From Net: NetName=GND Pin=JP12-2
Removed Pin From Net: NetName=GND Pin=JP13-2
Change Component Footprint: Designator=JP12 Old Footprint=2PIN2.54 New Footprint=3PIN2.54
Change Component Footprint: Designator=JP13 Old Footprint=2PIN2.54 New Footprint=3PIN2.54
Change Component Footprint: Designator=JP2 Old Footprint=2PIN3.96 New Footprint=2PIN2.54
Change Component Footprint: Designator=JP3 Old Footprint=2PIN3.96 New Footprint=2PIN2.54
Change Component Comment : Designator=JP13 Old Comment=CON2 New Comment=Header 3
Change Component Comment : Designator=JP12 Old Comment=CON2 New Comment=Header 3
Added Pin To Net: NetName=+3.3V Pin=JP12-1
Added Pin To Net: NetName=GND Pin=JP12-3
Added Pin To Net: NetName=+5V Pin=JP13-1
Added Pin To Net: NetName=GND Pin=JP13-3
Added Pin To Net: NetName=NetJP12_2 Pin=JP12-2
Added Pin To Net: NetName=NetJP12_2 Pin=R43-2
Added Pin To Net: NetName=NetJP12_2 Pin=R48-2
Added Net: Name=NetJP12_2
Added Pin To Net: NetName=NetJP13_2 Pin=JP13-2
Added Pin To Net: NetName=NetJP13_2 Pin=R44-2
Added Pin To Net: NetName=NetJP13_2 Pin=R47-2
Added Net: Name=NetJP13_2
Added Room: Name=Sheet1
