Added Component: Designator=U5(LTQFP64)
Added Pin To Net: NetName=NetBT1_1 Pin=U5-1
Added Pin To Net: NetName=NetC1_1 Pin=U5-3
Added Pin To Net: NetName=NetC2_1 Pin=U5-4
Added Pin To Net: NetName=NetC52_1 Pin=U5-5
Added Pin To Net: NetName=NetC53_1 Pin=U5-6
Added Pin To Net: NetName=NetC31_2 Pin=U5-7
Added Pin To Net: NetName=AD10 Pin=U5-8
Added Pin To Net: NetName=AD11 Pin=U5-9
Added Pin To Net: NetName=AD12 Pin=U5-10
Added Pin To Net: NetName=PC3 Pin=U5-11
Added Pin To Net: NetName=GND Pin=U5-12
Added Pin To Net: NetName=+3.3V Pin=U5-13
Added Pin To Net: NetName=PA0 Pin=U5-14
Added Pin To Net: NetName=PA1 Pin=U5-15
Added Pin To Net: NetName=TX2 Pin=U5-16
Added Pin To Net: NetName=RX2 Pin=U5-17
Added Pin To Net: NetName=GND Pin=U5-18
Added Pin To Net: NetName=+3.3V Pin=U5-19
Added Pin To Net: NetName=SCL Pin=U5-20
Added Pin To Net: NetName=SDA Pin=U5-21
Added Pin To Net: NetName=PA6 Pin=U5-22
Added Pin To Net: NetName=PA7 Pin=U5-23
Added Pin To Net: NetName=PC4 Pin=U5-24
Added Pin To Net: NetName=PC5 Pin=U5-25
Added Pin To Net: NetName=PB0 Pin=U5-26
Added Pin To Net: NetName=PB1 Pin=U5-27
Added Pin To Net: NetName=NetR45_1 Pin=U5-28
Added Pin To Net: NetName=TX3 Pin=U5-29
Added Pin To Net: NetName=RX3 Pin=U5-30
Added Pin To Net: NetName=GND Pin=U5-31
Added Pin To Net: NetName=+3.3V Pin=U5-32
Added Pin To Net: NetName=PB12 Pin=U5-33
Added Pin To Net: NetName=PB13 Pin=U5-34
Added Pin To Net: NetName=PB14 Pin=U5-35
Added Pin To Net: NetName=PB15 Pin=U5-36
Added Pin To Net: NetName=PC6 Pin=U5-37
Added Pin To Net: NetName=PC7 Pin=U5-38
Added Pin To Net: NetName=PC8 Pin=U5-39
Added Pin To Net: NetName=PC9 Pin=U5-40
Added Pin To Net: NetName=PA8 Pin=U5-41
Added Pin To Net: NetName=TX1 Pin=U5-42
Added Pin To Net: NetName=RX1 Pin=U5-43
Added Pin To Net: NetName=PA11 Pin=U5-44
Added Pin To Net: NetName=PA12 Pin=U5-45
Added Pin To Net: NetName=NetJP23_2 Pin=U5-46
Added Pin To Net: NetName=GND Pin=U5-47
Added Pin To Net: NetName=+3.3V Pin=U5-48
Added Pin To Net: NetName=NetJP23_3 Pin=U5-49
Added Pin To Net: NetName=PC10 Pin=U5-51
Added Pin To Net: NetName=PC11 Pin=U5-52
Added Pin To Net: NetName=PC12 Pin=U5-53
Added Pin To Net: NetName=PD2 Pin=U5-54
Added Pin To Net: NetName=PB3 Pin=U5-55
Added Pin To Net: NetName=PB4 Pin=U5-56
Added Pin To Net: NetName=PB5 Pin=U5-57
Added Pin To Net: NetName=PB6 Pin=U5-58
Added Pin To Net: NetName=PB7 Pin=U5-59
Added Pin To Net: NetName=NetR46_2 Pin=U5-60
Added Pin To Net: NetName=PB8 Pin=U5-61
Added Pin To Net: NetName=PB9 Pin=U5-62
Added Pin To Net: NetName=GND Pin=U5-63
Added Pin To Net: NetName=+3.3V Pin=U5-64
Added Member To Class: ClassName=Sheet1 Member=Component U5 STM32F103R8T6
