Removed Pin From Net: NetName=+12V Pin=J3-5
Removed Pin From Net: NetName=+5V Pin=J4-5
Removed Pin From Net: NetName=NetJ3_4 Pin=U6-11
Removed Pin From Net: NetName=NetJ3_4 Pin=U6-12
Removed Pin From Net: NetName=NetJ3_2 Pin=U6-15
Removed Pin From Net: NetName=NetJ3_2 Pin=U6-16
Removed Pin From Net: NetName=NetJ4_4 Pin=U7-11
Removed Pin From Net: NetName=NetJ4_4 Pin=U7-12
Removed Pin From Net: NetName=NetJ4_2 Pin=U7-15
Removed Pin From Net: NetName=NetJ4_2 Pin=U7-16
Added Pin To Net: NetName=+12V Pin=J3-1
Added Pin To Net: NetName=+5V Pin=J4-1
Added Pin To Net: NetName=NetJ3_2 Pin=U6-11
Added Pin To Net: NetName=NetJ3_2 Pin=U6-12
Added Pin To Net: NetName=NetJ3_4 Pin=U6-15
Added Pin To Net: NetName=NetJ3_4 Pin=U6-16
Added Pin To Net: NetName=NetJ4_2 Pin=U7-11
Added Pin To Net: NetName=NetJ4_2 Pin=U7-12
Added Pin To Net: NetName=NetJ4_4 Pin=U7-15
Added Pin To Net: NetName=NetJ4_4 Pin=U7-16
Added Pin To Net: NetName=NetJ3_5 Pin=J3-5
Added Pin To Net: NetName=NetJ3_5 Pin=U6-17
Added Pin To Net: NetName=NetJ3_5 Pin=U6-18
Added Net: Name=NetJ3_5
Added Pin To Net: NetName=NetJ4_5 Pin=J4-5
Added Pin To Net: NetName=NetJ4_5 Pin=U7-17
Added Pin To Net: NetName=NetJ4_5 Pin=U7-18
Added Net: Name=NetJ4_5
