Removed Pin From Net: NetName=PB6 Pin=JP27-3
Removed Pin From Net: NetName=PB8 Pin=JP27-5
Removed Pin From Net: NetName=PB6 Pin=R26-1
Removed Pin From Net: NetName=PB8 Pin=R28-1
Removed Pin From Net: NetName=PB12 Pin=U1-7
Removed Pin From Net: NetName=PA8 Pin=U1-8
Removed Pin From Net: NetName=PB13 Pin=U1-9
Removed Pin From Net: NetName=PB14 Pin=U1-13
Removed Pin From Net: NetName=PA11 Pin=U1-14
Removed Pin From Net: NetName=PB15 Pin=U1-15
Removed Pin From Net: NetName=PC3 Pin=U7-1
Removed Pin From Net: NetName=PC3 Pin=U7-2
Removed Pin From Net: NetName=PC4 Pin=U7-3
Removed Pin From Net: NetName=PC4 Pin=U7-4
Removed Pin From Net: NetName=PC5 Pin=U7-5
Removed Pin From Net: NetName=PC5 Pin=U7-6
Removed Pin From Net: NetName=PC6 Pin=U7-7
Removed Pin From Net: NetName=PC6 Pin=U7-8
Added Pin To Net: NetName=PB8 Pin=JP27-3
Added Pin To Net: NetName=PB6 Pin=JP27-5
Added Pin To Net: NetName=PB8 Pin=R26-1
Added Pin To Net: NetName=PB6 Pin=R28-1
Added Pin To Net: NetName=PB14 Pin=U1-7
Added Pin To Net: NetName=PA11 Pin=U1-8
Added Pin To Net: NetName=PB15 Pin=U1-9
Added Pin To Net: NetName=PB12 Pin=U1-13
Added Pin To Net: NetName=PA8 Pin=U1-14
Added Pin To Net: NetName=PB13 Pin=U1-15
Added Pin To Net: NetName=PC6 Pin=U7-1
Added Pin To Net: NetName=PC6 Pin=U7-2
Added Pin To Net: NetName=PC5 Pin=U7-3
Added Pin To Net: NetName=PC5 Pin=U7-4
Added Pin To Net: NetName=PC4 Pin=U7-5
Added Pin To Net: NetName=PC4 Pin=U7-6
Added Pin To Net: NetName=PC3 Pin=U7-7
Added Pin To Net: NetName=PC3 Pin=U7-8
